[1/2] "C:/Program Files/CMake/bin/cmake.exe" -E chdir ".." "C:/Program Files/CMake/bin/cmake.exe" "D:/lenky_jpegli/vcpkg/buildtrees/libpng/src/v1.6.44-58a090cbad.clean" "-G" "Ninja" "-DCMAKE_BUILD_TYPE=Release" "-DCMAKE_INSTALL_PREFIX=D:/lenky_jpegli/vcpkg/packages/libpng_x64-windows" "-DFETCHCONTENT_FULLY_DISCONNECTED=ON" "-DPNG_STATIC=0" "-DPNG_SHARED=1" "-DPNG_FRAMEWORK=OFF" "-DPNG_TESTS=OFF" "-DSKIP_INSTALL_EXECUTABLES=ON" "-DSKIP_INSTALL_FILES=OFF" "-DPNG_TOOLS=OFF" "-DSKIP_INSTALL_PROGRAMS=ON" "-DCMAKE_MAKE_PROGRAM=C:/Program Files/Microsoft Visual Studio/2022/Community/Common7/IDE/CommonExtensions/Microsoft/CMake/Ninja/ninja.exe" "-DBUILD_SHARED_LIBS=ON" "-DVCPKG_CHAINLOAD_TOOLCHAIN_FILE=D:/lenky_jpegli/vcpkg/scripts/toolchains/windows.cmake" "-DVCPKG_TARGET_TRIPLET=x64-windows" "-DVCPKG_SET_CHARSET_FLAG=ON" "-DVCPKG_PLATFORM_TOOLSET=v143" "-DCMAKE_EXPORT_NO_PACKAGE_REGISTRY=ON" "-DCMAKE_FIND_PACKAGE_NO_PACKAGE_REGISTRY=ON" "-DCMAKE_FIND_PACKAGE_NO_SYSTEM_PACKAGE_REGISTRY=ON" "-DCMAKE_INSTALL_SYSTEM_RUNTIME_LIBS_SKIP=TRUE" "-DCMAKE_VERBOSE_MAKEFILE=ON" "-DVCPKG_APPLOCAL_DEPS=OFF" "-DCMAKE_TOOLCHAIN_FILE=D:/lenky_jpegli/vcpkg/scripts/buildsystems/vcpkg.cmake" "-DCMAKE_ERROR_ON_ABSOLUTE_INSTALL_DESTINATION=ON" "-DVCPKG_CXX_FLAGS=" "-DVCPKG_CXX_FLAGS_RELEASE=" "-DVCPKG_CXX_FLAGS_DEBUG=" "-DVCPKG_C_FLAGS=" "-DVCPKG_C_FLAGS_RELEASE=" "-DVCPKG_C_FLAGS_DEBUG=" "-DVCPKG_CRT_LINKAGE=dynamic" "-DVCPKG_LINKER_FLAGS=" "-DVCPKG_LINKER_FLAGS_RELEASE=" "-DVCPKG_LINKER_FLAGS_DEBUG=" "-DVCPKG_TARGET_ARCHITECTURE=x64" "-DCMAKE_INSTALL_LIBDIR:STRING=lib" "-DCMAKE_INSTALL_BINDIR:STRING=bin" "-D_VCPKG_ROOT_DIR=D:/lenky_jpegli/vcpkg" "-D_VCPKG_INSTALLED_DIR=D:/lenky_jpegli/vcpkg/installed" "-DVCPKG_MANIFEST_INSTALL=OFF"
-- The C compiler identification is MSVC 19.40.33813.0
-- The ASM compiler identification is MSVC
-- Found assembler: C:/Program Files/Microsoft Visual Studio/2022/Community/VC/Tools/MSVC/14.40.33807/bin/Hostx64/x64/cl.exe
-- Detecting C compiler ABI info
-- Detecting C compiler ABI info - done
-- Check for working C compiler: C:/Program Files/Microsoft Visual Studio/2022/Community/VC/Tools/MSVC/14.40.33807/bin/Hostx64/x64/cl.exe - skipped
-- Detecting C compile features
-- Detecting C compile features - done
-- Building for target architecture: amd64
-- Found ZLIB: optimized;D:/lenky_jpegli/vcpkg/installed/x64-windows/lib/zlib.lib;debug;D:/lenky_jpegli/vcpkg/installed/x64-windows/debug/lib/zlibd.lib (found version "1.3.1")
-- Performing Test HAVE_LD_VERSION_SCRIPT
-- Performing Test HAVE_LD_VERSION_SCRIPT - Failed
-- Performing Test HAVE_SOLARIS_LD_VERSION_SCRIPT
-- Performing Test HAVE_SOLARIS_LD_VERSION_SCRIPT - Failed
-- Could not find an AWK-compatible program
-- Configuring done (2.1s)
-- Generating done (0.1s)
CMake Warning:
  Manually-specified variables were not used by the project:

    FETCHCONTENT_FULLY_DISCONNECTED
    _VCPKG_ROOT_DIR


-- Build files have been written to: D:/lenky_jpegli/vcpkg/buildtrees/libpng/x64-windows-rel
[2/2] "C:/Program Files/CMake/bin/cmake.exe" -E chdir "../../x64-windows-dbg" "C:/Program Files/CMake/bin/cmake.exe" "D:/lenky_jpegli/vcpkg/buildtrees/libpng/src/v1.6.44-58a090cbad.clean" "-G" "Ninja" "-DCMAKE_BUILD_TYPE=Debug" "-DCMAKE_INSTALL_PREFIX=D:/lenky_jpegli/vcpkg/packages/libpng_x64-windows/debug" "-DFETCHCONTENT_FULLY_DISCONNECTED=ON" "-DPNG_STATIC=0" "-DPNG_SHARED=1" "-DPNG_FRAMEWORK=OFF" "-DPNG_TESTS=OFF" "-DSKIP_INSTALL_EXECUTABLES=ON" "-DSKIP_INSTALL_FILES=OFF" "-DPNG_TOOLS=OFF" "-DSKIP_INSTALL_PROGRAMS=ON" "-DCMAKE_MAKE_PROGRAM=C:/Program Files/Microsoft Visual Studio/2022/Community/Common7/IDE/CommonExtensions/Microsoft/CMake/Ninja/ninja.exe" "-DBUILD_SHARED_LIBS=ON" "-DVCPKG_CHAINLOAD_TOOLCHAIN_FILE=D:/lenky_jpegli/vcpkg/scripts/toolchains/windows.cmake" "-DVCPKG_TARGET_TRIPLET=x64-windows" "-DVCPKG_SET_CHARSET_FLAG=ON" "-DVCPKG_PLATFORM_TOOLSET=v143" "-DCMAKE_EXPORT_NO_PACKAGE_REGISTRY=ON" "-DCMAKE_FIND_PACKAGE_NO_PACKAGE_REGISTRY=ON" "-DCMAKE_FIND_PACKAGE_NO_SYSTEM_PACKAGE_REGISTRY=ON" "-DCMAKE_INSTALL_SYSTEM_RUNTIME_LIBS_SKIP=TRUE" "-DCMAKE_VERBOSE_MAKEFILE=ON" "-DVCPKG_APPLOCAL_DEPS=OFF" "-DCMAKE_TOOLCHAIN_FILE=D:/lenky_jpegli/vcpkg/scripts/buildsystems/vcpkg.cmake" "-DCMAKE_ERROR_ON_ABSOLUTE_INSTALL_DESTINATION=ON" "-DVCPKG_CXX_FLAGS=" "-DVCPKG_CXX_FLAGS_RELEASE=" "-DVCPKG_CXX_FLAGS_DEBUG=" "-DVCPKG_C_FLAGS=" "-DVCPKG_C_FLAGS_RELEASE=" "-DVCPKG_C_FLAGS_DEBUG=" "-DVCPKG_CRT_LINKAGE=dynamic" "-DVCPKG_LINKER_FLAGS=" "-DVCPKG_LINKER_FLAGS_RELEASE=" "-DVCPKG_LINKER_FLAGS_DEBUG=" "-DVCPKG_TARGET_ARCHITECTURE=x64" "-DCMAKE_INSTALL_LIBDIR:STRING=lib" "-DCMAKE_INSTALL_BINDIR:STRING=bin" "-D_VCPKG_ROOT_DIR=D:/lenky_jpegli/vcpkg" "-D_VCPKG_INSTALLED_DIR=D:/lenky_jpegli/vcpkg/installed" "-DVCPKG_MANIFEST_INSTALL=OFF" "-DSKIP_INSTALL_HEADERS=ON"
-- The C compiler identification is MSVC 19.40.33813.0
-- The ASM compiler identification is MSVC
-- Found assembler: C:/Program Files/Microsoft Visual Studio/2022/Community/VC/Tools/MSVC/14.40.33807/bin/Hostx64/x64/cl.exe
-- Detecting C compiler ABI info
-- Detecting C compiler ABI info - done
-- Check for working C compiler: C:/Program Files/Microsoft Visual Studio/2022/Community/VC/Tools/MSVC/14.40.33807/bin/Hostx64/x64/cl.exe - skipped
-- Detecting C compile features
-- Detecting C compile features - done
-- Building for target architecture: amd64
-- Found ZLIB: optimized;D:/lenky_jpegli/vcpkg/installed/x64-windows/lib/zlib.lib;debug;D:/lenky_jpegli/vcpkg/installed/x64-windows/debug/lib/zlibd.lib (found version "1.3.1")
-- Performing Test HAVE_LD_VERSION_SCRIPT
-- Performing Test HAVE_LD_VERSION_SCRIPT - Failed
-- Performing Test HAVE_SOLARIS_LD_VERSION_SCRIPT
-- Performing Test HAVE_SOLARIS_LD_VERSION_SCRIPT - Failed
-- Could not find an AWK-compatible program
-- Configuring done (2.1s)
-- Generating done (0.1s)
CMake Warning:
  Manually-specified variables were not used by the project:

    FETCHCONTENT_FULLY_DISCONNECTED
    _VCPKG_ROOT_DIR


-- Build files have been written to: D:/lenky_jpegli/vcpkg/buildtrees/libpng/x64-windows-dbg
