
---
events:
  -
    kind: "message-v1"
    backtrace:
      - "C:/Program Files/CMake/share/cmake-3.30/Modules/CMakeDetermineSystem.cmake:205 (message)"
      - "CMakeLists.txt:3 (project)"
    message: |
      The system is: Windows - 10.0.22000 - AMD64
  -
    kind: "message-v1"
    backtrace:
      - "C:/Program Files/CMake/share/cmake-3.30/Modules/CMakeDetermineCompilerId.cmake:17 (message)"
      - "C:/Program Files/CMake/share/cmake-3.30/Modules/CMakeDetermineCompilerId.cmake:64 (__determine_compiler_id_test)"
      - "C:/Program Files/CMake/share/cmake-3.30/Modules/CMakeDetermineCCompiler.cmake:123 (CMAKE_DETERMINE_COMPILER_ID)"
      - "CMakeLists.txt:3 (project)"
    message: |
      Compiling the C compiler identification source file "CMakeCCompilerId.c" succeeded.
      Compiler: C:/Program Files/Microsoft Visual Studio/2022/Community/VC/Tools/MSVC/14.40.33807/bin/Hostx64/x64/cl.exe 
      Build flags: /nologo;/DWIN32;/D_WINDOWS;/utf-8;/MP
      Id flags:  
      
      The output was:
      0
      CMakeCCompilerId.c
      
      
      Compilation of the C compiler identification source "CMakeCCompilerId.c" produced "CMakeCCompilerId.exe"
      
      Compilation of the C compiler identification source "CMakeCCompilerId.c" produced "CMakeCCompilerId.obj"
      
      The C compiler identification is MSVC, found in:
        D:/lenky_jpegli/vcpkg/buildtrees/giflib/x64-windows-rel/CMakeFiles/3.30.2/CompilerIdC/CMakeCCompilerId.exe
      
  -
    kind: "message-v1"
    backtrace:
      - "C:/Program Files/CMake/share/cmake-3.30/Modules/CMakeDetermineCompilerId.cmake:1243 (message)"
      - "C:/Program Files/CMake/share/cmake-3.30/Modules/CMakeDetermineCompilerId.cmake:250 (CMAKE_DETERMINE_MSVC_SHOWINCLUDES_PREFIX)"
      - "C:/Program Files/CMake/share/cmake-3.30/Modules/CMakeDetermineCCompiler.cmake:123 (CMAKE_DETERMINE_COMPILER_ID)"
      - "CMakeLists.txt:3 (project)"
    message: |
      Detecting C compiler /showIncludes prefix:
        main.c
        注意: 包含文件:  D:\\lenky_jpegli\\vcpkg\\buildtrees\\giflib\\x64-windows-rel\\CMakeFiles\\ShowIncludes\\foo.h
        
      Found prefix "注意: 包含文件:  "
  -
    kind: "try_compile-v1"
    backtrace:
      - "C:/Program Files/CMake/share/cmake-3.30/Modules/CMakeDetermineCompilerABI.cmake:74 (try_compile)"
      - "C:/Program Files/CMake/share/cmake-3.30/Modules/CMakeTestCCompiler.cmake:26 (CMAKE_DETERMINE_COMPILER_ABI)"
      - "CMakeLists.txt:3 (project)"
    checks:
      - "Detecting C compiler ABI info"
    directories:
      source: "D:/lenky_jpegli/vcpkg/buildtrees/giflib/x64-windows-rel/CMakeFiles/CMakeScratch/TryCompile-bqh7mi"
      binary: "D:/lenky_jpegli/vcpkg/buildtrees/giflib/x64-windows-rel/CMakeFiles/CMakeScratch/TryCompile-bqh7mi"
    cmakeVariables:
      CMAKE_C_FLAGS: " /nologo /DWIN32 /D_WINDOWS /utf-8 /MP "
      CMAKE_EXE_LINKER_FLAGS: "/machine:x64"
      CMAKE_MSVC_DEBUG_INFORMATION_FORMAT: ""
      CMAKE_MSVC_RUNTIME_LIBRARY: "MultiThreaded$<$<CONFIG:Debug>:Debug>$<$<STREQUAL:dynamic,dynamic>:DLL>"
      VCPKG_CHAINLOAD_TOOLCHAIN_FILE: "D:/lenky_jpegli/vcpkg/scripts/toolchains/windows.cmake"
      VCPKG_CRT_LINKAGE: "dynamic"
      VCPKG_CXX_FLAGS: ""
      VCPKG_CXX_FLAGS_DEBUG: ""
      VCPKG_CXX_FLAGS_RELEASE: ""
      VCPKG_C_FLAGS: ""
      VCPKG_C_FLAGS_DEBUG: ""
      VCPKG_C_FLAGS_RELEASE: ""
      VCPKG_INSTALLED_DIR: "D:/lenky_jpegli/vcpkg/installed"
      VCPKG_LINKER_FLAGS: ""
      VCPKG_LINKER_FLAGS_DEBUG: ""
      VCPKG_LINKER_FLAGS_RELEASE: ""
      VCPKG_PLATFORM_TOOLSET: "v143"
      VCPKG_PREFER_SYSTEM_LIBS: "OFF"
      VCPKG_SET_CHARSET_FLAG: "ON"
      VCPKG_TARGET_ARCHITECTURE: "x64"
      VCPKG_TARGET_TRIPLET: "x64-windows"
      Z_VCPKG_ROOT_DIR: "D:/lenky_jpegli/vcpkg"
    buildResult:
      variable: "CMAKE_C_ABI_COMPILED"
      cached: true
      stdout: |
        Change Dir: 'D:/lenky_jpegli/vcpkg/buildtrees/giflib/x64-windows-rel/CMakeFiles/CMakeScratch/TryCompile-bqh7mi'
        
        Run Build Command(s): "C:/Program Files/Microsoft Visual Studio/2022/Community/Common7/IDE/CommonExtensions/Microsoft/CMake/Ninja/ninja.exe" -v cmTC_d9fa9
        [1/2] C:\\PROGRA~1\\MICROS~4\\2022\\COMMUN~1\\VC\\Tools\\MSVC\\1440~1.338\\bin\\Hostx64\\x64\\cl.exe  /nologo   /nologo /DWIN32 /D_WINDOWS /utf-8 /MP   /D_DEBUG /MDd /Z7 /Ob0 /Od /RTC1 /showIncludes /FoCMakeFiles\\cmTC_d9fa9.dir\\CMakeCCompilerABI.c.obj /FdCMakeFiles\\cmTC_d9fa9.dir\\ /FS -c "C:\\Program Files\\CMake\\share\\cmake-3.30\\Modules\\CMakeCCompilerABI.c"
        [2/2] C:\\WINDOWS\\system32\\cmd.exe /C "cd . && "C:\\Program Files\\CMake\\bin\\cmake.exe" -E vs_link_exe --intdir=CMakeFiles\\cmTC_d9fa9.dir --rc=C:\\PROGRA~2\\WI3CF2~1\\10\\bin\\100226~1.0\\x64\\rc.exe --mt=C:\\PROGRA~2\\WI3CF2~1\\10\\bin\\100226~1.0\\x64\\mt.exe --manifests  -- C:\\PROGRA~1\\MICROS~4\\2022\\COMMUN~1\\VC\\Tools\\MSVC\\1440~1.338\\bin\\Hostx64\\x64\\link.exe /nologo CMakeFiles\\cmTC_d9fa9.dir\\CMakeCCompilerABI.c.obj  /out:cmTC_d9fa9.exe /implib:cmTC_d9fa9.lib /pdb:cmTC_d9fa9.pdb /version:0.0 /machine:x64  /nologo    /debug /INCREMENTAL /subsystem:console  kernel32.lib user32.lib gdi32.lib winspool.lib shell32.lib ole32.lib oleaut32.lib uuid.lib comdlg32.lib advapi32.lib && cd ."
        
      exitCode: 0
  -
    kind: "message-v1"
    backtrace:
      - "C:/Program Files/CMake/share/cmake-3.30/Modules/CMakeDetermineCompilerABI.cmake:218 (message)"
      - "C:/Program Files/CMake/share/cmake-3.30/Modules/CMakeTestCCompiler.cmake:26 (CMAKE_DETERMINE_COMPILER_ABI)"
      - "CMakeLists.txt:3 (project)"
    message: |
      Parsed C implicit link information:
        link line regex: [^( *|.*[/\\])(ld[0-9]*(\\.[a-z]+)?|link\\.exe|lld-link(\\.exe)?|CMAKE_LINK_STARTFILE-NOTFOUND|([^/\\]+-)?ld|collect2)[^/\\]*( |$)]
        linker tool regex: [^[ 	]*(->|")?[ 	]*(([^"]*[/\\])?(ld[0-9]*(\\.[a-z]+)?|link\\.exe|lld-link(\\.exe)?))("|,| |$)]
        linker tool for 'C': C:/PROGRA~1/MICROS~4/2022/COMMUN~1/VC/Tools/MSVC/1440~1.338/bin/Hostx64/x64/link.exe
        implicit libs: []
        implicit objs: []
        implicit dirs: []
        implicit fwks: []
      
      
  -
    kind: "message-v1"
    backtrace:
      - "C:/Program Files/CMake/share/cmake-3.30/Modules/Internal/CMakeDetermineLinkerId.cmake:40 (message)"
      - "C:/Program Files/CMake/share/cmake-3.30/Modules/CMakeDetermineCompilerABI.cmake:255 (cmake_determine_linker_id)"
      - "C:/Program Files/CMake/share/cmake-3.30/Modules/CMakeTestCCompiler.cmake:26 (CMAKE_DETERMINE_COMPILER_ABI)"
      - "CMakeLists.txt:3 (project)"
    message: |
      Running the C compiler's linker: "C:/PROGRA~1/MICROS~4/2022/COMMUN~1/VC/Tools/MSVC/1440~1.338/bin/Hostx64/x64/link.exe" "-v"
      Microsoft (R) Incremental Linker Version 14.40.33813.0
      Copyright (C) Microsoft Corporation.  All rights reserved.
  -
    kind: "try_compile-v1"
    backtrace:
      - "C:/Program Files/CMake/share/cmake-3.30/Modules/CheckSymbolExists.cmake:154 (try_compile)"
      - "C:/Program Files/CMake/share/cmake-3.30/Modules/CheckSymbolExists.cmake:66 (__CHECK_SYMBOL_EXISTS_IMPL)"
      - "CMakeLists.txt:24 (check_symbol_exists)"
    checks:
      - "Looking for reallocarray"
    directories:
      source: "D:/lenky_jpegli/vcpkg/buildtrees/giflib/x64-windows-rel/CMakeFiles/CMakeScratch/TryCompile-qrn010"
      binary: "D:/lenky_jpegli/vcpkg/buildtrees/giflib/x64-windows-rel/CMakeFiles/CMakeScratch/TryCompile-qrn010"
    cmakeVariables:
      CMAKE_C_FLAGS: " /nologo /DWIN32 /D_WINDOWS /utf-8 /MP "
      CMAKE_EXE_LINKER_FLAGS: "/machine:x64"
      CMAKE_MSVC_DEBUG_INFORMATION_FORMAT: ""
      CMAKE_MSVC_RUNTIME_LIBRARY: "MultiThreaded$<$<CONFIG:Debug>:Debug>$<$<STREQUAL:dynamic,dynamic>:DLL>"
      VCPKG_CHAINLOAD_TOOLCHAIN_FILE: "D:/lenky_jpegli/vcpkg/scripts/toolchains/windows.cmake"
      VCPKG_CRT_LINKAGE: "dynamic"
      VCPKG_CXX_FLAGS: ""
      VCPKG_CXX_FLAGS_DEBUG: ""
      VCPKG_CXX_FLAGS_RELEASE: ""
      VCPKG_C_FLAGS: ""
      VCPKG_C_FLAGS_DEBUG: ""
      VCPKG_C_FLAGS_RELEASE: ""
      VCPKG_INSTALLED_DIR: "D:/lenky_jpegli/vcpkg/installed"
      VCPKG_LINKER_FLAGS: ""
      VCPKG_LINKER_FLAGS_DEBUG: ""
      VCPKG_LINKER_FLAGS_RELEASE: ""
      VCPKG_PLATFORM_TOOLSET: "v143"
      VCPKG_PREFER_SYSTEM_LIBS: "OFF"
      VCPKG_SET_CHARSET_FLAG: "ON"
      VCPKG_TARGET_ARCHITECTURE: "x64"
      VCPKG_TARGET_TRIPLET: "x64-windows"
      Z_VCPKG_ROOT_DIR: "D:/lenky_jpegli/vcpkg"
    buildResult:
      variable: "HAVE_REALLOCARRAY"
      cached: true
      stdout: |
        Change Dir: 'D:/lenky_jpegli/vcpkg/buildtrees/giflib/x64-windows-rel/CMakeFiles/CMakeScratch/TryCompile-qrn010'
        
        Run Build Command(s): "C:/Program Files/Microsoft Visual Studio/2022/Community/Common7/IDE/CommonExtensions/Microsoft/CMake/Ninja/ninja.exe" -v cmTC_45117
        [1/2] C:\\PROGRA~1\\MICROS~4\\2022\\COMMUN~1\\VC\\Tools\\MSVC\\1440~1.338\\bin\\Hostx64\\x64\\cl.exe  /nologo   /nologo /DWIN32 /D_WINDOWS /utf-8 /MP   /D_DEBUG /MDd /Z7 /Ob0 /Od /RTC1 /showIncludes /FoCMakeFiles\\cmTC_45117.dir\\CheckSymbolExists.c.obj /FdCMakeFiles\\cmTC_45117.dir\\ /FS -c D:\\lenky_jpegli\\vcpkg\\buildtrees\\giflib\\x64-windows-rel\\CMakeFiles\\CMakeScratch\\TryCompile-qrn010\\CheckSymbolExists.c
        FAILED: CMakeFiles/cmTC_45117.dir/CheckSymbolExists.c.obj 
        C:\\PROGRA~1\\MICROS~4\\2022\\COMMUN~1\\VC\\Tools\\MSVC\\1440~1.338\\bin\\Hostx64\\x64\\cl.exe  /nologo   /nologo /DWIN32 /D_WINDOWS /utf-8 /MP   /D_DEBUG /MDd /Z7 /Ob0 /Od /RTC1 /showIncludes /FoCMakeFiles\\cmTC_45117.dir\\CheckSymbolExists.c.obj /FdCMakeFiles\\cmTC_45117.dir\\ /FS -c D:\\lenky_jpegli\\vcpkg\\buildtrees\\giflib\\x64-windows-rel\\CMakeFiles\\CMakeScratch\\TryCompile-qrn010\\CheckSymbolExists.c
        D:\\lenky_jpegli\\vcpkg\\buildtrees\\giflib\\x64-windows-rel\\CMakeFiles\\CMakeScratch\\TryCompile-qrn010\\CheckSymbolExists.c(8): error C2065: “reallocarray”: 未声明的标识符
        ninja: build stopped: subcommand failed.
        
      exitCode: 1
...
