# CMAKE generated file: DO NOT EDIT!
# Generated by "Ninja" Generator, CMake Version 3.30

# This file contains all the build statements describing the
# compilation DAG.

# =============================================================================
# Write statements declared in CMakeLists.txt:
# 
# Which is the root file.
# =============================================================================

# =============================================================================
# Project: giflib
# Configurations: Release
# =============================================================================

#############################################
# Minimal version of Ninja required by this file

ninja_required_version = 1.5


#############################################
# Set configuration variable for custom commands.

CONFIGURATION = Release
# =============================================================================
# Include auxiliary files.


#############################################
# Include rules file.

include CMakeFiles\rules.ninja

# =============================================================================

#############################################
# Logical path to working directory; prefix for absolute paths.

cmake_ninja_workdir = D$:\lenky_jpegli\vcpkg\buildtrees\giflib\x64-windows-rel\
# =============================================================================
# Object build statements for SHARED_LIBRARY target gif


#############################################
# Order-only phony target for gif

build cmake_object_order_depends_target_gif: phony || .

build CMakeFiles\gif.dir\dgif_lib.c.obj: C_COMPILER__gif_unscanned_Release D$:\lenky_jpegli\vcpkg\buildtrees\giflib\src\giflib-5-71ecd5227a.clean\dgif_lib.c || cmake_object_order_depends_target_gif
  DEFINES = -D_CRT_SECURE_NO_WARNINGS -Dgif_EXPORTS
  FLAGS = /nologo /DWIN32 /D_WINDOWS /utf-8 /MP  /MD /O2 /Oi /Gy /DNDEBUG /Z7
  OBJECT_DIR = CMakeFiles\gif.dir
  OBJECT_FILE_DIR = CMakeFiles\gif.dir
  TARGET_COMPILE_PDB = CMakeFiles\gif.dir\
  TARGET_PDB = gif.pdb

build CMakeFiles\gif.dir\egif_lib.c.obj: C_COMPILER__gif_unscanned_Release D$:\lenky_jpegli\vcpkg\buildtrees\giflib\src\giflib-5-71ecd5227a.clean\egif_lib.c || cmake_object_order_depends_target_gif
  DEFINES = -D_CRT_SECURE_NO_WARNINGS -Dgif_EXPORTS
  FLAGS = /nologo /DWIN32 /D_WINDOWS /utf-8 /MP  /MD /O2 /Oi /Gy /DNDEBUG /Z7
  OBJECT_DIR = CMakeFiles\gif.dir
  OBJECT_FILE_DIR = CMakeFiles\gif.dir
  TARGET_COMPILE_PDB = CMakeFiles\gif.dir\
  TARGET_PDB = gif.pdb

build CMakeFiles\gif.dir\gifalloc.c.obj: C_COMPILER__gif_unscanned_Release D$:\lenky_jpegli\vcpkg\buildtrees\giflib\src\giflib-5-71ecd5227a.clean\gifalloc.c || cmake_object_order_depends_target_gif
  DEFINES = -D_CRT_SECURE_NO_WARNINGS -Dgif_EXPORTS
  FLAGS = /nologo /DWIN32 /D_WINDOWS /utf-8 /MP  /MD /O2 /Oi /Gy /DNDEBUG /Z7
  OBJECT_DIR = CMakeFiles\gif.dir
  OBJECT_FILE_DIR = CMakeFiles\gif.dir
  TARGET_COMPILE_PDB = CMakeFiles\gif.dir\
  TARGET_PDB = gif.pdb

build CMakeFiles\gif.dir\gif_err.c.obj: C_COMPILER__gif_unscanned_Release D$:\lenky_jpegli\vcpkg\buildtrees\giflib\src\giflib-5-71ecd5227a.clean\gif_err.c || cmake_object_order_depends_target_gif
  DEFINES = -D_CRT_SECURE_NO_WARNINGS -Dgif_EXPORTS
  FLAGS = /nologo /DWIN32 /D_WINDOWS /utf-8 /MP  /MD /O2 /Oi /Gy /DNDEBUG /Z7
  OBJECT_DIR = CMakeFiles\gif.dir
  OBJECT_FILE_DIR = CMakeFiles\gif.dir
  TARGET_COMPILE_PDB = CMakeFiles\gif.dir\
  TARGET_PDB = gif.pdb

build CMakeFiles\gif.dir\gif_font.c.obj: C_COMPILER__gif_unscanned_Release D$:\lenky_jpegli\vcpkg\buildtrees\giflib\src\giflib-5-71ecd5227a.clean\gif_font.c || cmake_object_order_depends_target_gif
  DEFINES = -D_CRT_SECURE_NO_WARNINGS -Dgif_EXPORTS
  FLAGS = /nologo /DWIN32 /D_WINDOWS /utf-8 /MP  /MD /O2 /Oi /Gy /DNDEBUG /Z7
  OBJECT_DIR = CMakeFiles\gif.dir
  OBJECT_FILE_DIR = CMakeFiles\gif.dir
  TARGET_COMPILE_PDB = CMakeFiles\gif.dir\
  TARGET_PDB = gif.pdb

build CMakeFiles\gif.dir\gif_hash.c.obj: C_COMPILER__gif_unscanned_Release D$:\lenky_jpegli\vcpkg\buildtrees\giflib\src\giflib-5-71ecd5227a.clean\gif_hash.c || cmake_object_order_depends_target_gif
  DEFINES = -D_CRT_SECURE_NO_WARNINGS -Dgif_EXPORTS
  FLAGS = /nologo /DWIN32 /D_WINDOWS /utf-8 /MP  /MD /O2 /Oi /Gy /DNDEBUG /Z7
  OBJECT_DIR = CMakeFiles\gif.dir
  OBJECT_FILE_DIR = CMakeFiles\gif.dir
  TARGET_COMPILE_PDB = CMakeFiles\gif.dir\
  TARGET_PDB = gif.pdb

build CMakeFiles\gif.dir\openbsd-reallocarray.c.obj: C_COMPILER__gif_unscanned_Release D$:\lenky_jpegli\vcpkg\buildtrees\giflib\src\giflib-5-71ecd5227a.clean\openbsd-reallocarray.c || cmake_object_order_depends_target_gif
  DEFINES = -D_CRT_SECURE_NO_WARNINGS -Dgif_EXPORTS
  FLAGS = /nologo /DWIN32 /D_WINDOWS /utf-8 /MP  /MD /O2 /Oi /Gy /DNDEBUG /Z7
  OBJECT_DIR = CMakeFiles\gif.dir
  OBJECT_FILE_DIR = CMakeFiles\gif.dir
  TARGET_COMPILE_PDB = CMakeFiles\gif.dir\
  TARGET_PDB = gif.pdb


# =============================================================================
# Link build statements for SHARED_LIBRARY target gif


#############################################
# Link the shared library gif.dll

build gif.dll gif.lib: C_SHARED_LIBRARY_LINKER__gif_Release CMakeFiles\gif.dir\dgif_lib.c.obj CMakeFiles\gif.dir\egif_lib.c.obj CMakeFiles\gif.dir\gifalloc.c.obj CMakeFiles\gif.dir\gif_err.c.obj CMakeFiles\gif.dir\gif_font.c.obj CMakeFiles\gif.dir\gif_hash.c.obj CMakeFiles\gif.dir\openbsd-reallocarray.c.obj | D$:\lenky_jpegli\vcpkg\ports\giflib\exports.def
  LANGUAGE_COMPILE_FLAGS = /nologo /DWIN32 /D_WINDOWS /utf-8 /MP  /MD /O2 /Oi /Gy /DNDEBUG /Z7
  LINK_FLAGS = /machine:x64 /nologo /DEBUG /INCREMENTAL:NO /OPT:REF /OPT:ICF    /DEF:D:\lenky_jpegli\vcpkg\ports\giflib\exports.def
  LINK_LIBRARIES = kernel32.lib user32.lib gdi32.lib winspool.lib shell32.lib ole32.lib oleaut32.lib uuid.lib comdlg32.lib advapi32.lib
  OBJECT_DIR = CMakeFiles\gif.dir
  POST_BUILD = cd .
  PRE_LINK = cd .
  RESTAT = 1
  TARGET_COMPILE_PDB = CMakeFiles\gif.dir\
  TARGET_FILE = gif.dll
  TARGET_IMPLIB = gif.lib
  TARGET_PDB = gif.pdb


#############################################
# Utility command for edit_cache

build CMakeFiles\edit_cache.util: CUSTOM_COMMAND
  COMMAND = C:\WINDOWS\system32\cmd.exe /C "cd /D D:\lenky_jpegli\vcpkg\buildtrees\giflib\x64-windows-rel && "C:\Program Files\CMake\bin\cmake-gui.exe" -SD:\lenky_jpegli\vcpkg\buildtrees\giflib\src\giflib-5-71ecd5227a.clean -BD:\lenky_jpegli\vcpkg\buildtrees\giflib\x64-windows-rel"
  DESC = Running CMake cache editor...
  pool = console
  restat = 1

build edit_cache: phony CMakeFiles\edit_cache.util


#############################################
# Utility command for rebuild_cache

build CMakeFiles\rebuild_cache.util: CUSTOM_COMMAND
  COMMAND = C:\WINDOWS\system32\cmd.exe /C "cd /D D:\lenky_jpegli\vcpkg\buildtrees\giflib\x64-windows-rel && "C:\Program Files\CMake\bin\cmake.exe" --regenerate-during-build -SD:\lenky_jpegli\vcpkg\buildtrees\giflib\src\giflib-5-71ecd5227a.clean -BD:\lenky_jpegli\vcpkg\buildtrees\giflib\x64-windows-rel"
  DESC = Running CMake to regenerate build system...
  pool = console
  restat = 1

build rebuild_cache: phony CMakeFiles\rebuild_cache.util


#############################################
# Utility command for list_install_components

build list_install_components: phony


#############################################
# Utility command for install

build CMakeFiles\install.util: CUSTOM_COMMAND all
  COMMAND = C:\WINDOWS\system32\cmd.exe /C "cd /D D:\lenky_jpegli\vcpkg\buildtrees\giflib\x64-windows-rel && "C:\Program Files\CMake\bin\cmake.exe" -P cmake_install.cmake"
  DESC = Install the project...
  pool = console
  restat = 1

build install: phony CMakeFiles\install.util


#############################################
# Utility command for install/local

build CMakeFiles\install\local.util: CUSTOM_COMMAND all
  COMMAND = C:\WINDOWS\system32\cmd.exe /C "cd /D D:\lenky_jpegli\vcpkg\buildtrees\giflib\x64-windows-rel && "C:\Program Files\CMake\bin\cmake.exe" -DCMAKE_INSTALL_LOCAL_ONLY=1 -P cmake_install.cmake"
  DESC = Installing only the local directory...
  pool = console
  restat = 1

build install\local: phony CMakeFiles\install\local.util

# =============================================================================
# Target aliases.

build gif: phony gif.dll

# =============================================================================
# Folder targets.

# =============================================================================

#############################################
# Folder: D:/lenky_jpegli/vcpkg/buildtrees/giflib/x64-windows-rel

build all: phony gif.dll

# =============================================================================
# Built-in targets


#############################################
# Re-run CMake if any of its inputs changed.

build build.ninja: RERUN_CMAKE | C$:\Program$ Files\CMake\share\cmake-3.30\Modules\CMakeCCompiler.cmake.in C$:\Program$ Files\CMake\share\cmake-3.30\Modules\CMakeCCompilerABI.c C$:\Program$ Files\CMake\share\cmake-3.30\Modules\CMakeCInformation.cmake C$:\Program$ Files\CMake\share\cmake-3.30\Modules\CMakeCommonLanguageInclude.cmake C$:\Program$ Files\CMake\share\cmake-3.30\Modules\CMakeCompilerIdDetection.cmake C$:\Program$ Files\CMake\share\cmake-3.30\Modules\CMakeDependentOption.cmake C$:\Program$ Files\CMake\share\cmake-3.30\Modules\CMakeDetermineCCompiler.cmake C$:\Program$ Files\CMake\share\cmake-3.30\Modules\CMakeDetermineCompiler.cmake C$:\Program$ Files\CMake\share\cmake-3.30\Modules\CMakeDetermineCompilerABI.cmake C$:\Program$ Files\CMake\share\cmake-3.30\Modules\CMakeDetermineCompilerId.cmake C$:\Program$ Files\CMake\share\cmake-3.30\Modules\CMakeDetermineCompilerSupport.cmake C$:\Program$ Files\CMake\share\cmake-3.30\Modules\CMakeDetermineRCCompiler.cmake C$:\Program$ Files\CMake\share\cmake-3.30\Modules\CMakeDetermineSystem.cmake C$:\Program$ Files\CMake\share\cmake-3.30\Modules\CMakeFindBinUtils.cmake C$:\Program$ Files\CMake\share\cmake-3.30\Modules\CMakeGenericSystem.cmake C$:\Program$ Files\CMake\share\cmake-3.30\Modules\CMakeInitializeConfigs.cmake C$:\Program$ Files\CMake\share\cmake-3.30\Modules\CMakeLanguageInformation.cmake C$:\Program$ Files\CMake\share\cmake-3.30\Modules\CMakeParseImplicitIncludeInfo.cmake C$:\Program$ Files\CMake\share\cmake-3.30\Modules\CMakeParseImplicitLinkInfo.cmake C$:\Program$ Files\CMake\share\cmake-3.30\Modules\CMakeParseLibraryArchitecture.cmake C$:\Program$ Files\CMake\share\cmake-3.30\Modules\CMakeRCCompiler.cmake.in C$:\Program$ Files\CMake\share\cmake-3.30\Modules\CMakeRCInformation.cmake C$:\Program$ Files\CMake\share\cmake-3.30\Modules\CMakeSystem.cmake.in C$:\Program$ Files\CMake\share\cmake-3.30\Modules\CMakeSystemSpecificInformation.cmake C$:\Program$ Files\CMake\share\cmake-3.30\Modules\CMakeSystemSpecificInitialize.cmake C$:\Program$ Files\CMake\share\cmake-3.30\Modules\CMakeTestCCompiler.cmake C$:\Program$ Files\CMake\share\cmake-3.30\Modules\CMakeTestCompilerCommon.cmake C$:\Program$ Files\CMake\share\cmake-3.30\Modules\CMakeTestRCCompiler.cmake C$:\Program$ Files\CMake\share\cmake-3.30\Modules\CheckSymbolExists.cmake C$:\Program$ Files\CMake\share\cmake-3.30\Modules\Compiler\ADSP-DetermineCompiler.cmake C$:\Program$ Files\CMake\share\cmake-3.30\Modules\Compiler\ARMCC-DetermineCompiler.cmake C$:\Program$ Files\CMake\share\cmake-3.30\Modules\Compiler\ARMClang-DetermineCompiler.cmake C$:\Program$ Files\CMake\share\cmake-3.30\Modules\Compiler\AppleClang-DetermineCompiler.cmake C$:\Program$ Files\CMake\share\cmake-3.30\Modules\Compiler\Borland-DetermineCompiler.cmake C$:\Program$ Files\CMake\share\cmake-3.30\Modules\Compiler\Bruce-C-DetermineCompiler.cmake C$:\Program$ Files\CMake\share\cmake-3.30\Modules\Compiler\CMakeCommonCompilerMacros.cmake C$:\Program$ Files\CMake\share\cmake-3.30\Modules\Compiler\Clang-DetermineCompiler.cmake C$:\Program$ Files\CMake\share\cmake-3.30\Modules\Compiler\Clang-DetermineCompilerInternal.cmake C$:\Program$ Files\CMake\share\cmake-3.30\Modules\Compiler\Compaq-C-DetermineCompiler.cmake C$:\Program$ Files\CMake\share\cmake-3.30\Modules\Compiler\Cray-DetermineCompiler.cmake C$:\Program$ Files\CMake\share\cmake-3.30\Modules\Compiler\CrayClang-DetermineCompiler.cmake C$:\Program$ Files\CMake\share\cmake-3.30\Modules\Compiler\Embarcadero-DetermineCompiler.cmake C$:\Program$ Files\CMake\share\cmake-3.30\Modules\Compiler\Fujitsu-DetermineCompiler.cmake C$:\Program$ Files\CMake\share\cmake-3.30\Modules\Compiler\FujitsuClang-DetermineCompiler.cmake C$:\Program$ Files\CMake\share\cmake-3.30\Modules\Compiler\GHS-DetermineCompiler.cmake C$:\Program$ Files\CMake\share\cmake-3.30\Modules\Compiler\GNU-C-DetermineCompiler.cmake C$:\Program$ Files\CMake\share\cmake-3.30\Modules\Compiler\HP-C-DetermineCompiler.cmake C$:\Program$ Files\CMake\share\cmake-3.30\Modules\Compiler\IAR-DetermineCompiler.cmake C$:\Program$ Files\CMake\share\cmake-3.30\Modules\Compiler\IBMCPP-C-DetermineVersionInternal.cmake C$:\Program$ Files\CMake\share\cmake-3.30\Modules\Compiler\IBMClang-C-DetermineCompiler.cmake C$:\Program$ Files\CMake\share\cmake-3.30\Modules\Compiler\Intel-DetermineCompiler.cmake C$:\Program$ Files\CMake\share\cmake-3.30\Modules\Compiler\IntelLLVM-DetermineCompiler.cmake C$:\Program$ Files\CMake\share\cmake-3.30\Modules\Compiler\LCC-C-DetermineCompiler.cmake C$:\Program$ Files\CMake\share\cmake-3.30\Modules\Compiler\MSVC-C.cmake C$:\Program$ Files\CMake\share\cmake-3.30\Modules\Compiler\MSVC-DetermineCompiler.cmake C$:\Program$ Files\CMake\share\cmake-3.30\Modules\Compiler\MSVC.cmake C$:\Program$ Files\CMake\share\cmake-3.30\Modules\Compiler\NVHPC-DetermineCompiler.cmake C$:\Program$ Files\CMake\share\cmake-3.30\Modules\Compiler\NVIDIA-DetermineCompiler.cmake C$:\Program$ Files\CMake\share\cmake-3.30\Modules\Compiler\OpenWatcom-DetermineCompiler.cmake C$:\Program$ Files\CMake\share\cmake-3.30\Modules\Compiler\OrangeC-DetermineCompiler.cmake C$:\Program$ Files\CMake\share\cmake-3.30\Modules\Compiler\PGI-DetermineCompiler.cmake C$:\Program$ Files\CMake\share\cmake-3.30\Modules\Compiler\PathScale-DetermineCompiler.cmake C$:\Program$ Files\CMake\share\cmake-3.30\Modules\Compiler\SCO-DetermineCompiler.cmake C$:\Program$ Files\CMake\share\cmake-3.30\Modules\Compiler\SDCC-C-DetermineCompiler.cmake C$:\Program$ Files\CMake\share\cmake-3.30\Modules\Compiler\SunPro-C-DetermineCompiler.cmake C$:\Program$ Files\CMake\share\cmake-3.30\Modules\Compiler\TI-DetermineCompiler.cmake C$:\Program$ Files\CMake\share\cmake-3.30\Modules\Compiler\TIClang-DetermineCompiler.cmake C$:\Program$ Files\CMake\share\cmake-3.30\Modules\Compiler\Tasking-DetermineCompiler.cmake C$:\Program$ Files\CMake\share\cmake-3.30\Modules\Compiler\TinyCC-C-DetermineCompiler.cmake C$:\Program$ Files\CMake\share\cmake-3.30\Modules\Compiler\VisualAge-C-DetermineCompiler.cmake C$:\Program$ Files\CMake\share\cmake-3.30\Modules\Compiler\Watcom-DetermineCompiler.cmake C$:\Program$ Files\CMake\share\cmake-3.30\Modules\Compiler\XL-C-DetermineCompiler.cmake C$:\Program$ Files\CMake\share\cmake-3.30\Modules\Compiler\XLClang-C-DetermineCompiler.cmake C$:\Program$ Files\CMake\share\cmake-3.30\Modules\Compiler\zOS-C-DetermineCompiler.cmake C$:\Program$ Files\CMake\share\cmake-3.30\Modules\Internal\CMakeDetermineLinkerId.cmake C$:\Program$ Files\CMake\share\cmake-3.30\Modules\Internal\FeatureTesting.cmake C$:\Program$ Files\CMake\share\cmake-3.30\Modules\Platform\Windows-Initialize.cmake C$:\Program$ Files\CMake\share\cmake-3.30\Modules\Platform\Windows-MSVC-C.cmake C$:\Program$ Files\CMake\share\cmake-3.30\Modules\Platform\Windows-MSVC.cmake C$:\Program$ Files\CMake\share\cmake-3.30\Modules\Platform\Windows.cmake C$:\Program$ Files\CMake\share\cmake-3.30\Modules\Platform\WindowsPaths.cmake CMakeCache.txt CMakeFiles\3.30.2\CMakeCCompiler.cmake CMakeFiles\3.30.2\CMakeRCCompiler.cmake CMakeFiles\3.30.2\CMakeSystem.cmake D$:\lenky_jpegli\vcpkg\buildtrees\giflib\src\giflib-5-71ecd5227a.clean\CMakeLists.txt D$:\lenky_jpegli\vcpkg\scripts\buildsystems\vcpkg.cmake D$:\lenky_jpegli\vcpkg\scripts\toolchains\windows.cmake
  pool = console


#############################################
# A missing CMake input file is not an error.

build C$:\Program$ Files\CMake\share\cmake-3.30\Modules\CMakeCCompiler.cmake.in C$:\Program$ Files\CMake\share\cmake-3.30\Modules\CMakeCCompilerABI.c C$:\Program$ Files\CMake\share\cmake-3.30\Modules\CMakeCInformation.cmake C$:\Program$ Files\CMake\share\cmake-3.30\Modules\CMakeCommonLanguageInclude.cmake C$:\Program$ Files\CMake\share\cmake-3.30\Modules\CMakeCompilerIdDetection.cmake C$:\Program$ Files\CMake\share\cmake-3.30\Modules\CMakeDependentOption.cmake C$:\Program$ Files\CMake\share\cmake-3.30\Modules\CMakeDetermineCCompiler.cmake C$:\Program$ Files\CMake\share\cmake-3.30\Modules\CMakeDetermineCompiler.cmake C$:\Program$ Files\CMake\share\cmake-3.30\Modules\CMakeDetermineCompilerABI.cmake C$:\Program$ Files\CMake\share\cmake-3.30\Modules\CMakeDetermineCompilerId.cmake C$:\Program$ Files\CMake\share\cmake-3.30\Modules\CMakeDetermineCompilerSupport.cmake C$:\Program$ Files\CMake\share\cmake-3.30\Modules\CMakeDetermineRCCompiler.cmake C$:\Program$ Files\CMake\share\cmake-3.30\Modules\CMakeDetermineSystem.cmake C$:\Program$ Files\CMake\share\cmake-3.30\Modules\CMakeFindBinUtils.cmake C$:\Program$ Files\CMake\share\cmake-3.30\Modules\CMakeGenericSystem.cmake C$:\Program$ Files\CMake\share\cmake-3.30\Modules\CMakeInitializeConfigs.cmake C$:\Program$ Files\CMake\share\cmake-3.30\Modules\CMakeLanguageInformation.cmake C$:\Program$ Files\CMake\share\cmake-3.30\Modules\CMakeParseImplicitIncludeInfo.cmake C$:\Program$ Files\CMake\share\cmake-3.30\Modules\CMakeParseImplicitLinkInfo.cmake C$:\Program$ Files\CMake\share\cmake-3.30\Modules\CMakeParseLibraryArchitecture.cmake C$:\Program$ Files\CMake\share\cmake-3.30\Modules\CMakeRCCompiler.cmake.in C$:\Program$ Files\CMake\share\cmake-3.30\Modules\CMakeRCInformation.cmake C$:\Program$ Files\CMake\share\cmake-3.30\Modules\CMakeSystem.cmake.in C$:\Program$ Files\CMake\share\cmake-3.30\Modules\CMakeSystemSpecificInformation.cmake C$:\Program$ Files\CMake\share\cmake-3.30\Modules\CMakeSystemSpecificInitialize.cmake C$:\Program$ Files\CMake\share\cmake-3.30\Modules\CMakeTestCCompiler.cmake C$:\Program$ Files\CMake\share\cmake-3.30\Modules\CMakeTestCompilerCommon.cmake C$:\Program$ Files\CMake\share\cmake-3.30\Modules\CMakeTestRCCompiler.cmake C$:\Program$ Files\CMake\share\cmake-3.30\Modules\CheckSymbolExists.cmake C$:\Program$ Files\CMake\share\cmake-3.30\Modules\Compiler\ADSP-DetermineCompiler.cmake C$:\Program$ Files\CMake\share\cmake-3.30\Modules\Compiler\ARMCC-DetermineCompiler.cmake C$:\Program$ Files\CMake\share\cmake-3.30\Modules\Compiler\ARMClang-DetermineCompiler.cmake C$:\Program$ Files\CMake\share\cmake-3.30\Modules\Compiler\AppleClang-DetermineCompiler.cmake C$:\Program$ Files\CMake\share\cmake-3.30\Modules\Compiler\Borland-DetermineCompiler.cmake C$:\Program$ Files\CMake\share\cmake-3.30\Modules\Compiler\Bruce-C-DetermineCompiler.cmake C$:\Program$ Files\CMake\share\cmake-3.30\Modules\Compiler\CMakeCommonCompilerMacros.cmake C$:\Program$ Files\CMake\share\cmake-3.30\Modules\Compiler\Clang-DetermineCompiler.cmake C$:\Program$ Files\CMake\share\cmake-3.30\Modules\Compiler\Clang-DetermineCompilerInternal.cmake C$:\Program$ Files\CMake\share\cmake-3.30\Modules\Compiler\Compaq-C-DetermineCompiler.cmake C$:\Program$ Files\CMake\share\cmake-3.30\Modules\Compiler\Cray-DetermineCompiler.cmake C$:\Program$ Files\CMake\share\cmake-3.30\Modules\Compiler\CrayClang-DetermineCompiler.cmake C$:\Program$ Files\CMake\share\cmake-3.30\Modules\Compiler\Embarcadero-DetermineCompiler.cmake C$:\Program$ Files\CMake\share\cmake-3.30\Modules\Compiler\Fujitsu-DetermineCompiler.cmake C$:\Program$ Files\CMake\share\cmake-3.30\Modules\Compiler\FujitsuClang-DetermineCompiler.cmake C$:\Program$ Files\CMake\share\cmake-3.30\Modules\Compiler\GHS-DetermineCompiler.cmake C$:\Program$ Files\CMake\share\cmake-3.30\Modules\Compiler\GNU-C-DetermineCompiler.cmake C$:\Program$ Files\CMake\share\cmake-3.30\Modules\Compiler\HP-C-DetermineCompiler.cmake C$:\Program$ Files\CMake\share\cmake-3.30\Modules\Compiler\IAR-DetermineCompiler.cmake C$:\Program$ Files\CMake\share\cmake-3.30\Modules\Compiler\IBMCPP-C-DetermineVersionInternal.cmake C$:\Program$ Files\CMake\share\cmake-3.30\Modules\Compiler\IBMClang-C-DetermineCompiler.cmake C$:\Program$ Files\CMake\share\cmake-3.30\Modules\Compiler\Intel-DetermineCompiler.cmake C$:\Program$ Files\CMake\share\cmake-3.30\Modules\Compiler\IntelLLVM-DetermineCompiler.cmake C$:\Program$ Files\CMake\share\cmake-3.30\Modules\Compiler\LCC-C-DetermineCompiler.cmake C$:\Program$ Files\CMake\share\cmake-3.30\Modules\Compiler\MSVC-C.cmake C$:\Program$ Files\CMake\share\cmake-3.30\Modules\Compiler\MSVC-DetermineCompiler.cmake C$:\Program$ Files\CMake\share\cmake-3.30\Modules\Compiler\MSVC.cmake C$:\Program$ Files\CMake\share\cmake-3.30\Modules\Compiler\NVHPC-DetermineCompiler.cmake C$:\Program$ Files\CMake\share\cmake-3.30\Modules\Compiler\NVIDIA-DetermineCompiler.cmake C$:\Program$ Files\CMake\share\cmake-3.30\Modules\Compiler\OpenWatcom-DetermineCompiler.cmake C$:\Program$ Files\CMake\share\cmake-3.30\Modules\Compiler\OrangeC-DetermineCompiler.cmake C$:\Program$ Files\CMake\share\cmake-3.30\Modules\Compiler\PGI-DetermineCompiler.cmake C$:\Program$ Files\CMake\share\cmake-3.30\Modules\Compiler\PathScale-DetermineCompiler.cmake C$:\Program$ Files\CMake\share\cmake-3.30\Modules\Compiler\SCO-DetermineCompiler.cmake C$:\Program$ Files\CMake\share\cmake-3.30\Modules\Compiler\SDCC-C-DetermineCompiler.cmake C$:\Program$ Files\CMake\share\cmake-3.30\Modules\Compiler\SunPro-C-DetermineCompiler.cmake C$:\Program$ Files\CMake\share\cmake-3.30\Modules\Compiler\TI-DetermineCompiler.cmake C$:\Program$ Files\CMake\share\cmake-3.30\Modules\Compiler\TIClang-DetermineCompiler.cmake C$:\Program$ Files\CMake\share\cmake-3.30\Modules\Compiler\Tasking-DetermineCompiler.cmake C$:\Program$ Files\CMake\share\cmake-3.30\Modules\Compiler\TinyCC-C-DetermineCompiler.cmake C$:\Program$ Files\CMake\share\cmake-3.30\Modules\Compiler\VisualAge-C-DetermineCompiler.cmake C$:\Program$ Files\CMake\share\cmake-3.30\Modules\Compiler\Watcom-DetermineCompiler.cmake C$:\Program$ Files\CMake\share\cmake-3.30\Modules\Compiler\XL-C-DetermineCompiler.cmake C$:\Program$ Files\CMake\share\cmake-3.30\Modules\Compiler\XLClang-C-DetermineCompiler.cmake C$:\Program$ Files\CMake\share\cmake-3.30\Modules\Compiler\zOS-C-DetermineCompiler.cmake C$:\Program$ Files\CMake\share\cmake-3.30\Modules\Internal\CMakeDetermineLinkerId.cmake C$:\Program$ Files\CMake\share\cmake-3.30\Modules\Internal\FeatureTesting.cmake C$:\Program$ Files\CMake\share\cmake-3.30\Modules\Platform\Windows-Initialize.cmake C$:\Program$ Files\CMake\share\cmake-3.30\Modules\Platform\Windows-MSVC-C.cmake C$:\Program$ Files\CMake\share\cmake-3.30\Modules\Platform\Windows-MSVC.cmake C$:\Program$ Files\CMake\share\cmake-3.30\Modules\Platform\Windows.cmake C$:\Program$ Files\CMake\share\cmake-3.30\Modules\Platform\WindowsPaths.cmake CMakeCache.txt CMakeFiles\3.30.2\CMakeCCompiler.cmake CMakeFiles\3.30.2\CMakeRCCompiler.cmake CMakeFiles\3.30.2\CMakeSystem.cmake D$:\lenky_jpegli\vcpkg\buildtrees\giflib\src\giflib-5-71ecd5227a.clean\CMakeLists.txt D$:\lenky_jpegli\vcpkg\scripts\buildsystems\vcpkg.cmake D$:\lenky_jpegli\vcpkg\scripts\toolchains\windows.cmake: phony


#############################################
# Clean all the built files.

build clean: CLEAN


#############################################
# Print all primary targets available.

build help: HELP


#############################################
# Make the all target the default.

default all
