Downloading libjpeg-turbo-libjpeg-turbo-3.0.4.tar.gz
Successfully downloaded libjpeg-turbo-libjpeg-turbo-3.0.4.tar.gz.
-- Extracting source D:/lenky_jpegli/vcpkg/downloads/libjpeg-turbo-libjpeg-turbo-3.0.4.tar.gz
-- Applying patch add-options-for-exes-docs-headers.patch
-- Applying patch workaround_cmake_system_processor.patch
-- Using source at D:/lenky_jpegli/vcpkg/buildtrees/libjpeg-turbo/src/3.0.4-7f221bad90.clean
Downloading nasm-2.16.03-win64.zip
Successfully downloaded nasm-2.16.03-win64.zip.
-- Found external ninja('1.11.0').
-- Configuring x64-windows
-- Building x64-windows-dbg
-- Building x64-windows-rel
-- Fixing pkgconfig file: D:/lenky_jpegli/vcpkg/packages/libjpeg-turbo_x64-windows/lib/pkgconfig/libjpeg.pc
-- Fixing pkgconfig file: D:/lenky_jpegli/vcpkg/packages/libjpeg-turbo_x64-windows/lib/pkgconfig/libturbojpeg.pc
-- Using cached msys2-mingw-w64-x86_64-pkgconf-1~2.3.0-1-any.pkg.tar.zst.
-- Using cached msys2-msys2-runtime-3.5.4-2-x86_64.pkg.tar.zst.
-- Using msys root at D:/lenky_jpegli/vcpkg/downloads/tools/msys2/21caed2f81ec917b
-- Fixing pkgconfig file: D:/lenky_jpegli/vcpkg/packages/libjpeg-turbo_x64-windows/debug/lib/pkgconfig/libjpeg.pc
-- Fixing pkgconfig file: D:/lenky_jpegli/vcpkg/packages/libjpeg-turbo_x64-windows/debug/lib/pkgconfig/libturbojpeg.pc
-- Installing: D:/lenky_jpegli/vcpkg/packages/libjpeg-turbo_x64-windows/share/libjpeg-turbo/copyright
-- Performing post-build validation
