
---
events:
  -
    kind: "message-v1"
    backtrace:
      - "C:/Program Files/CMake/share/cmake-3.30/Modules/CMakeDetermineSystem.cmake:205 (message)"
      - "CMakeLists.txt:4 (project)"
    message: |
      The system is: Windows - 10.0.22000 - AMD64
  -
    kind: "message-v1"
    backtrace:
      - "C:/Program Files/CMake/share/cmake-3.30/Modules/CMakeDetermineCompilerId.cmake:17 (message)"
      - "C:/Program Files/CMake/share/cmake-3.30/Modules/CMakeDetermineCompilerId.cmake:64 (__determine_compiler_id_test)"
      - "C:/Program Files/CMake/share/cmake-3.30/Modules/CMakeDetermineCCompiler.cmake:123 (CMAKE_DETERMINE_COMPILER_ID)"
      - "CMakeLists.txt:4 (project)"
    message: |
      Compiling the C compiler identification source file "CMakeCCompilerId.c" succeeded.
      Compiler: C:/Program Files/Microsoft Visual Studio/2022/Community/VC/Tools/MSVC/14.40.33807/bin/Hostx64/x64/cl.exe 
      Build flags: /nologo;/DWIN32;/D_WINDOWS;/utf-8;/MP
      Id flags:  
      
      The output was:
      0
      CMakeCCompilerId.c
      
      
      Compilation of the C compiler identification source "CMakeCCompilerId.c" produced "CMakeCCompilerId.exe"
      
      Compilation of the C compiler identification source "CMakeCCompilerId.c" produced "CMakeCCompilerId.obj"
      
      The C compiler identification is MSVC, found in:
        D:/lenky_jpegli/vcpkg/buildtrees/zlib/x64-windows-rel/CMakeFiles/3.30.2/CompilerIdC/CMakeCCompilerId.exe
      
  -
    kind: "message-v1"
    backtrace:
      - "C:/Program Files/CMake/share/cmake-3.30/Modules/CMakeDetermineCompilerId.cmake:1243 (message)"
      - "C:/Program Files/CMake/share/cmake-3.30/Modules/CMakeDetermineCompilerId.cmake:250 (CMAKE_DETERMINE_MSVC_SHOWINCLUDES_PREFIX)"
      - "C:/Program Files/CMake/share/cmake-3.30/Modules/CMakeDetermineCCompiler.cmake:123 (CMAKE_DETERMINE_COMPILER_ID)"
      - "CMakeLists.txt:4 (project)"
    message: |
      Detecting C compiler /showIncludes prefix:
        main.c
        注意: 包含文件:  D:\\lenky_jpegli\\vcpkg\\buildtrees\\zlib\\x64-windows-rel\\CMakeFiles\\ShowIncludes\\foo.h
        
      Found prefix "注意: 包含文件:  "
  -
    kind: "try_compile-v1"
    backtrace:
      - "C:/Program Files/CMake/share/cmake-3.30/Modules/CMakeDetermineCompilerABI.cmake:74 (try_compile)"
      - "C:/Program Files/CMake/share/cmake-3.30/Modules/CMakeTestCCompiler.cmake:26 (CMAKE_DETERMINE_COMPILER_ABI)"
      - "CMakeLists.txt:4 (project)"
    checks:
      - "Detecting C compiler ABI info"
    directories:
      source: "D:/lenky_jpegli/vcpkg/buildtrees/zlib/x64-windows-rel/CMakeFiles/CMakeScratch/TryCompile-e52l3c"
      binary: "D:/lenky_jpegli/vcpkg/buildtrees/zlib/x64-windows-rel/CMakeFiles/CMakeScratch/TryCompile-e52l3c"
    cmakeVariables:
      CMAKE_C_FLAGS: " /nologo /DWIN32 /D_WINDOWS /utf-8 /MP "
      CMAKE_C_FLAGS_DEBUG: "/D_DEBUG /MDd /Z7 /Ob0 /Od /RTC1 "
      CMAKE_EXE_LINKER_FLAGS: "/machine:x64"
      CMAKE_MSVC_DEBUG_INFORMATION_FORMAT: ""
      CMAKE_MSVC_RUNTIME_LIBRARY: "MultiThreaded$<$<CONFIG:Debug>:Debug>$<$<STREQUAL:dynamic,dynamic>:DLL>"
      VCPKG_CHAINLOAD_TOOLCHAIN_FILE: "D:/lenky_jpegli/vcpkg/scripts/toolchains/windows.cmake"
      VCPKG_CRT_LINKAGE: "dynamic"
      VCPKG_CXX_FLAGS: ""
      VCPKG_CXX_FLAGS_DEBUG: ""
      VCPKG_CXX_FLAGS_RELEASE: ""
      VCPKG_C_FLAGS: ""
      VCPKG_C_FLAGS_DEBUG: ""
      VCPKG_C_FLAGS_RELEASE: ""
      VCPKG_INSTALLED_DIR: "D:/lenky_jpegli/vcpkg/installed"
      VCPKG_LINKER_FLAGS: ""
      VCPKG_LINKER_FLAGS_DEBUG: ""
      VCPKG_LINKER_FLAGS_RELEASE: ""
      VCPKG_PLATFORM_TOOLSET: "v143"
      VCPKG_PREFER_SYSTEM_LIBS: "OFF"
      VCPKG_SET_CHARSET_FLAG: "ON"
      VCPKG_TARGET_ARCHITECTURE: "x64"
      VCPKG_TARGET_TRIPLET: "x64-windows"
      Z_VCPKG_ROOT_DIR: "D:/lenky_jpegli/vcpkg"
    buildResult:
      variable: "CMAKE_C_ABI_COMPILED"
      cached: true
      stdout: |
        Change Dir: 'D:/lenky_jpegli/vcpkg/buildtrees/zlib/x64-windows-rel/CMakeFiles/CMakeScratch/TryCompile-e52l3c'
        
        Run Build Command(s): "C:/Program Files/Microsoft Visual Studio/2022/Community/Common7/IDE/CommonExtensions/Microsoft/CMake/Ninja/ninja.exe" -v cmTC_7e757
        [1/2] C:\\PROGRA~1\\MICROS~4\\2022\\COMMUN~1\\VC\\Tools\\MSVC\\1440~1.338\\bin\\Hostx64\\x64\\cl.exe  /nologo   /nologo /DWIN32 /D_WINDOWS /utf-8 /MP   /D_DEBUG /MDd /Z7 /Ob0 /Od /RTC1  -MDd /showIncludes /FoCMakeFiles\\cmTC_7e757.dir\\CMakeCCompilerABI.c.obj /FdCMakeFiles\\cmTC_7e757.dir\\ /FS -c "C:\\Program Files\\CMake\\share\\cmake-3.30\\Modules\\CMakeCCompilerABI.c"
        [2/2] C:\\WINDOWS\\system32\\cmd.exe /C "cd . && "C:\\Program Files\\CMake\\bin\\cmake.exe" -E vs_link_exe --intdir=CMakeFiles\\cmTC_7e757.dir --rc=C:\\PROGRA~2\\WI3CF2~1\\10\\bin\\100226~1.0\\x64\\rc.exe --mt=C:\\PROGRA~2\\WI3CF2~1\\10\\bin\\100226~1.0\\x64\\mt.exe --manifests  -- C:\\PROGRA~1\\MICROS~4\\2022\\COMMUN~1\\VC\\Tools\\MSVC\\1440~1.338\\bin\\Hostx64\\x64\\link.exe /nologo CMakeFiles\\cmTC_7e757.dir\\CMakeCCompilerABI.c.obj  /out:cmTC_7e757.exe /implib:cmTC_7e757.lib /pdb:cmTC_7e757.pdb /version:0.0 /machine:x64  /nologo    /debug /INCREMENTAL /subsystem:console  kernel32.lib user32.lib gdi32.lib winspool.lib shell32.lib ole32.lib oleaut32.lib uuid.lib comdlg32.lib advapi32.lib && cd ."
        
      exitCode: 0
  -
    kind: "message-v1"
    backtrace:
      - "C:/Program Files/CMake/share/cmake-3.30/Modules/CMakeDetermineCompilerABI.cmake:218 (message)"
      - "C:/Program Files/CMake/share/cmake-3.30/Modules/CMakeTestCCompiler.cmake:26 (CMAKE_DETERMINE_COMPILER_ABI)"
      - "CMakeLists.txt:4 (project)"
    message: |
      Parsed C implicit link information:
        link line regex: [^( *|.*[/\\])(ld[0-9]*(\\.[a-z]+)?|link\\.exe|lld-link(\\.exe)?|CMAKE_LINK_STARTFILE-NOTFOUND|([^/\\]+-)?ld|collect2)[^/\\]*( |$)]
        linker tool regex: [^[ 	]*(->|")?[ 	]*(([^"]*[/\\])?(ld[0-9]*(\\.[a-z]+)?|link\\.exe|lld-link(\\.exe)?))("|,| |$)]
        linker tool for 'C': C:/PROGRA~1/MICROS~4/2022/COMMUN~1/VC/Tools/MSVC/1440~1.338/bin/Hostx64/x64/link.exe
        implicit libs: []
        implicit objs: []
        implicit dirs: []
        implicit fwks: []
      
      
  -
    kind: "message-v1"
    backtrace:
      - "C:/Program Files/CMake/share/cmake-3.30/Modules/Internal/CMakeDetermineLinkerId.cmake:40 (message)"
      - "C:/Program Files/CMake/share/cmake-3.30/Modules/CMakeDetermineCompilerABI.cmake:255 (cmake_determine_linker_id)"
      - "C:/Program Files/CMake/share/cmake-3.30/Modules/CMakeTestCCompiler.cmake:26 (CMAKE_DETERMINE_COMPILER_ABI)"
      - "CMakeLists.txt:4 (project)"
    message: |
      Running the C compiler's linker: "C:/PROGRA~1/MICROS~4/2022/COMMUN~1/VC/Tools/MSVC/1440~1.338/bin/Hostx64/x64/link.exe" "-v"
      Microsoft (R) Incremental Linker Version 14.40.33813.0
      Copyright (C) Microsoft Corporation.  All rights reserved.
  -
    kind: "try_compile-v1"
    backtrace:
      - "C:/Program Files/CMake/share/cmake-3.30/Modules/CheckIncludeFile.cmake:90 (try_compile)"
      - "CMakeLists.txt:22 (check_include_file)"
    checks:
      - "Looking for sys/types.h"
    directories:
      source: "D:/lenky_jpegli/vcpkg/buildtrees/zlib/x64-windows-rel/CMakeFiles/CMakeScratch/TryCompile-jkgi11"
      binary: "D:/lenky_jpegli/vcpkg/buildtrees/zlib/x64-windows-rel/CMakeFiles/CMakeScratch/TryCompile-jkgi11"
    cmakeVariables:
      CMAKE_C_FLAGS: " /nologo /DWIN32 /D_WINDOWS /utf-8 /MP "
      CMAKE_C_FLAGS_DEBUG: "/D_DEBUG /MDd /Z7 /Ob0 /Od /RTC1 "
      CMAKE_EXE_LINKER_FLAGS: "/machine:x64"
      CMAKE_MSVC_DEBUG_INFORMATION_FORMAT: ""
      CMAKE_MSVC_RUNTIME_LIBRARY: "MultiThreaded$<$<CONFIG:Debug>:Debug>$<$<STREQUAL:dynamic,dynamic>:DLL>"
      VCPKG_CHAINLOAD_TOOLCHAIN_FILE: "D:/lenky_jpegli/vcpkg/scripts/toolchains/windows.cmake"
      VCPKG_CRT_LINKAGE: "dynamic"
      VCPKG_CXX_FLAGS: ""
      VCPKG_CXX_FLAGS_DEBUG: ""
      VCPKG_CXX_FLAGS_RELEASE: ""
      VCPKG_C_FLAGS: ""
      VCPKG_C_FLAGS_DEBUG: ""
      VCPKG_C_FLAGS_RELEASE: ""
      VCPKG_INSTALLED_DIR: "D:/lenky_jpegli/vcpkg/installed"
      VCPKG_LINKER_FLAGS: ""
      VCPKG_LINKER_FLAGS_DEBUG: ""
      VCPKG_LINKER_FLAGS_RELEASE: ""
      VCPKG_PLATFORM_TOOLSET: "v143"
      VCPKG_PREFER_SYSTEM_LIBS: "OFF"
      VCPKG_SET_CHARSET_FLAG: "ON"
      VCPKG_TARGET_ARCHITECTURE: "x64"
      VCPKG_TARGET_TRIPLET: "x64-windows"
      Z_VCPKG_ROOT_DIR: "D:/lenky_jpegli/vcpkg"
    buildResult:
      variable: "HAVE_SYS_TYPES_H"
      cached: true
      stdout: |
        Change Dir: 'D:/lenky_jpegli/vcpkg/buildtrees/zlib/x64-windows-rel/CMakeFiles/CMakeScratch/TryCompile-jkgi11'
        
        Run Build Command(s): "C:/Program Files/Microsoft Visual Studio/2022/Community/Common7/IDE/CommonExtensions/Microsoft/CMake/Ninja/ninja.exe" -v cmTC_94798
        [1/2] C:\\PROGRA~1\\MICROS~4\\2022\\COMMUN~1\\VC\\Tools\\MSVC\\1440~1.338\\bin\\Hostx64\\x64\\cl.exe  /nologo   /nologo /DWIN32 /D_WINDOWS /utf-8 /MP   /D_DEBUG /MDd /Z7 /Ob0 /Od /RTC1  -MDd /showIncludes /FoCMakeFiles\\cmTC_94798.dir\\CheckIncludeFile.c.obj /FdCMakeFiles\\cmTC_94798.dir\\ /FS -c D:\\lenky_jpegli\\vcpkg\\buildtrees\\zlib\\x64-windows-rel\\CMakeFiles\\CMakeScratch\\TryCompile-jkgi11\\CheckIncludeFile.c
        [2/2] C:\\WINDOWS\\system32\\cmd.exe /C "cd . && "C:\\Program Files\\CMake\\bin\\cmake.exe" -E vs_link_exe --intdir=CMakeFiles\\cmTC_94798.dir --rc=C:\\PROGRA~2\\WI3CF2~1\\10\\bin\\100226~1.0\\x64\\rc.exe --mt=C:\\PROGRA~2\\WI3CF2~1\\10\\bin\\100226~1.0\\x64\\mt.exe --manifests  -- C:\\PROGRA~1\\MICROS~4\\2022\\COMMUN~1\\VC\\Tools\\MSVC\\1440~1.338\\bin\\Hostx64\\x64\\link.exe /nologo CMakeFiles\\cmTC_94798.dir\\CheckIncludeFile.c.obj  /out:cmTC_94798.exe /implib:cmTC_94798.lib /pdb:cmTC_94798.pdb /version:0.0 /machine:x64  /nologo    /debug /INCREMENTAL /subsystem:console  kernel32.lib user32.lib gdi32.lib winspool.lib shell32.lib ole32.lib oleaut32.lib uuid.lib comdlg32.lib advapi32.lib && cd ."
        
      exitCode: 0
  -
    kind: "try_compile-v1"
    backtrace:
      - "C:/Program Files/CMake/share/cmake-3.30/Modules/CheckIncludeFile.cmake:90 (try_compile)"
      - "CMakeLists.txt:23 (check_include_file)"
    checks:
      - "Looking for stdint.h"
    directories:
      source: "D:/lenky_jpegli/vcpkg/buildtrees/zlib/x64-windows-rel/CMakeFiles/CMakeScratch/TryCompile-3k4wc4"
      binary: "D:/lenky_jpegli/vcpkg/buildtrees/zlib/x64-windows-rel/CMakeFiles/CMakeScratch/TryCompile-3k4wc4"
    cmakeVariables:
      CMAKE_C_FLAGS: " /nologo /DWIN32 /D_WINDOWS /utf-8 /MP "
      CMAKE_C_FLAGS_DEBUG: "/D_DEBUG /MDd /Z7 /Ob0 /Od /RTC1 "
      CMAKE_EXE_LINKER_FLAGS: "/machine:x64"
      CMAKE_MSVC_DEBUG_INFORMATION_FORMAT: ""
      CMAKE_MSVC_RUNTIME_LIBRARY: "MultiThreaded$<$<CONFIG:Debug>:Debug>$<$<STREQUAL:dynamic,dynamic>:DLL>"
      VCPKG_CHAINLOAD_TOOLCHAIN_FILE: "D:/lenky_jpegli/vcpkg/scripts/toolchains/windows.cmake"
      VCPKG_CRT_LINKAGE: "dynamic"
      VCPKG_CXX_FLAGS: ""
      VCPKG_CXX_FLAGS_DEBUG: ""
      VCPKG_CXX_FLAGS_RELEASE: ""
      VCPKG_C_FLAGS: ""
      VCPKG_C_FLAGS_DEBUG: ""
      VCPKG_C_FLAGS_RELEASE: ""
      VCPKG_INSTALLED_DIR: "D:/lenky_jpegli/vcpkg/installed"
      VCPKG_LINKER_FLAGS: ""
      VCPKG_LINKER_FLAGS_DEBUG: ""
      VCPKG_LINKER_FLAGS_RELEASE: ""
      VCPKG_PLATFORM_TOOLSET: "v143"
      VCPKG_PREFER_SYSTEM_LIBS: "OFF"
      VCPKG_SET_CHARSET_FLAG: "ON"
      VCPKG_TARGET_ARCHITECTURE: "x64"
      VCPKG_TARGET_TRIPLET: "x64-windows"
      Z_VCPKG_ROOT_DIR: "D:/lenky_jpegli/vcpkg"
    buildResult:
      variable: "HAVE_STDINT_H"
      cached: true
      stdout: |
        Change Dir: 'D:/lenky_jpegli/vcpkg/buildtrees/zlib/x64-windows-rel/CMakeFiles/CMakeScratch/TryCompile-3k4wc4'
        
        Run Build Command(s): "C:/Program Files/Microsoft Visual Studio/2022/Community/Common7/IDE/CommonExtensions/Microsoft/CMake/Ninja/ninja.exe" -v cmTC_a43e9
        [1/2] C:\\PROGRA~1\\MICROS~4\\2022\\COMMUN~1\\VC\\Tools\\MSVC\\1440~1.338\\bin\\Hostx64\\x64\\cl.exe  /nologo   /nologo /DWIN32 /D_WINDOWS /utf-8 /MP   /D_DEBUG /MDd /Z7 /Ob0 /Od /RTC1  -MDd /showIncludes /FoCMakeFiles\\cmTC_a43e9.dir\\CheckIncludeFile.c.obj /FdCMakeFiles\\cmTC_a43e9.dir\\ /FS -c D:\\lenky_jpegli\\vcpkg\\buildtrees\\zlib\\x64-windows-rel\\CMakeFiles\\CMakeScratch\\TryCompile-3k4wc4\\CheckIncludeFile.c
        [2/2] C:\\WINDOWS\\system32\\cmd.exe /C "cd . && "C:\\Program Files\\CMake\\bin\\cmake.exe" -E vs_link_exe --intdir=CMakeFiles\\cmTC_a43e9.dir --rc=C:\\PROGRA~2\\WI3CF2~1\\10\\bin\\100226~1.0\\x64\\rc.exe --mt=C:\\PROGRA~2\\WI3CF2~1\\10\\bin\\100226~1.0\\x64\\mt.exe --manifests  -- C:\\PROGRA~1\\MICROS~4\\2022\\COMMUN~1\\VC\\Tools\\MSVC\\1440~1.338\\bin\\Hostx64\\x64\\link.exe /nologo CMakeFiles\\cmTC_a43e9.dir\\CheckIncludeFile.c.obj  /out:cmTC_a43e9.exe /implib:cmTC_a43e9.lib /pdb:cmTC_a43e9.pdb /version:0.0 /machine:x64  /nologo    /debug /INCREMENTAL /subsystem:console  kernel32.lib user32.lib gdi32.lib winspool.lib shell32.lib ole32.lib oleaut32.lib uuid.lib comdlg32.lib advapi32.lib && cd ."
        
      exitCode: 0
  -
    kind: "try_compile-v1"
    backtrace:
      - "C:/Program Files/CMake/share/cmake-3.30/Modules/CheckIncludeFile.cmake:90 (try_compile)"
      - "CMakeLists.txt:24 (check_include_file)"
    checks:
      - "Looking for stddef.h"
    directories:
      source: "D:/lenky_jpegli/vcpkg/buildtrees/zlib/x64-windows-rel/CMakeFiles/CMakeScratch/TryCompile-yxcc1t"
      binary: "D:/lenky_jpegli/vcpkg/buildtrees/zlib/x64-windows-rel/CMakeFiles/CMakeScratch/TryCompile-yxcc1t"
    cmakeVariables:
      CMAKE_C_FLAGS: " /nologo /DWIN32 /D_WINDOWS /utf-8 /MP "
      CMAKE_C_FLAGS_DEBUG: "/D_DEBUG /MDd /Z7 /Ob0 /Od /RTC1 "
      CMAKE_EXE_LINKER_FLAGS: "/machine:x64"
      CMAKE_MSVC_DEBUG_INFORMATION_FORMAT: ""
      CMAKE_MSVC_RUNTIME_LIBRARY: "MultiThreaded$<$<CONFIG:Debug>:Debug>$<$<STREQUAL:dynamic,dynamic>:DLL>"
      VCPKG_CHAINLOAD_TOOLCHAIN_FILE: "D:/lenky_jpegli/vcpkg/scripts/toolchains/windows.cmake"
      VCPKG_CRT_LINKAGE: "dynamic"
      VCPKG_CXX_FLAGS: ""
      VCPKG_CXX_FLAGS_DEBUG: ""
      VCPKG_CXX_FLAGS_RELEASE: ""
      VCPKG_C_FLAGS: ""
      VCPKG_C_FLAGS_DEBUG: ""
      VCPKG_C_FLAGS_RELEASE: ""
      VCPKG_INSTALLED_DIR: "D:/lenky_jpegli/vcpkg/installed"
      VCPKG_LINKER_FLAGS: ""
      VCPKG_LINKER_FLAGS_DEBUG: ""
      VCPKG_LINKER_FLAGS_RELEASE: ""
      VCPKG_PLATFORM_TOOLSET: "v143"
      VCPKG_PREFER_SYSTEM_LIBS: "OFF"
      VCPKG_SET_CHARSET_FLAG: "ON"
      VCPKG_TARGET_ARCHITECTURE: "x64"
      VCPKG_TARGET_TRIPLET: "x64-windows"
      Z_VCPKG_ROOT_DIR: "D:/lenky_jpegli/vcpkg"
    buildResult:
      variable: "HAVE_STDDEF_H"
      cached: true
      stdout: |
        Change Dir: 'D:/lenky_jpegli/vcpkg/buildtrees/zlib/x64-windows-rel/CMakeFiles/CMakeScratch/TryCompile-yxcc1t'
        
        Run Build Command(s): "C:/Program Files/Microsoft Visual Studio/2022/Community/Common7/IDE/CommonExtensions/Microsoft/CMake/Ninja/ninja.exe" -v cmTC_65c29
        [1/2] C:\\PROGRA~1\\MICROS~4\\2022\\COMMUN~1\\VC\\Tools\\MSVC\\1440~1.338\\bin\\Hostx64\\x64\\cl.exe  /nologo   /nologo /DWIN32 /D_WINDOWS /utf-8 /MP   /D_DEBUG /MDd /Z7 /Ob0 /Od /RTC1  -MDd /showIncludes /FoCMakeFiles\\cmTC_65c29.dir\\CheckIncludeFile.c.obj /FdCMakeFiles\\cmTC_65c29.dir\\ /FS -c D:\\lenky_jpegli\\vcpkg\\buildtrees\\zlib\\x64-windows-rel\\CMakeFiles\\CMakeScratch\\TryCompile-yxcc1t\\CheckIncludeFile.c
        [2/2] C:\\WINDOWS\\system32\\cmd.exe /C "cd . && "C:\\Program Files\\CMake\\bin\\cmake.exe" -E vs_link_exe --intdir=CMakeFiles\\cmTC_65c29.dir --rc=C:\\PROGRA~2\\WI3CF2~1\\10\\bin\\100226~1.0\\x64\\rc.exe --mt=C:\\PROGRA~2\\WI3CF2~1\\10\\bin\\100226~1.0\\x64\\mt.exe --manifests  -- C:\\PROGRA~1\\MICROS~4\\2022\\COMMUN~1\\VC\\Tools\\MSVC\\1440~1.338\\bin\\Hostx64\\x64\\link.exe /nologo CMakeFiles\\cmTC_65c29.dir\\CheckIncludeFile.c.obj  /out:cmTC_65c29.exe /implib:cmTC_65c29.lib /pdb:cmTC_65c29.pdb /version:0.0 /machine:x64  /nologo    /debug /INCREMENTAL /subsystem:console  kernel32.lib user32.lib gdi32.lib winspool.lib shell32.lib ole32.lib oleaut32.lib uuid.lib comdlg32.lib advapi32.lib && cd ."
        
      exitCode: 0
  -
    kind: "try_compile-v1"
    backtrace:
      - "C:/Program Files/CMake/share/cmake-3.30/Modules/CheckTypeSize.cmake:147 (try_compile)"
      - "C:/Program Files/CMake/share/cmake-3.30/Modules/CheckTypeSize.cmake:272 (__check_type_size_impl)"
      - "CMakeLists.txt:42 (check_type_size)"
    checks:
      - "Check size of off64_t"
    directories:
      source: "D:/lenky_jpegli/vcpkg/buildtrees/zlib/x64-windows-rel/CMakeFiles/CMakeScratch/TryCompile-ugs9ur"
      binary: "D:/lenky_jpegli/vcpkg/buildtrees/zlib/x64-windows-rel/CMakeFiles/CMakeScratch/TryCompile-ugs9ur"
    cmakeVariables:
      CMAKE_C_FLAGS: " /nologo /DWIN32 /D_WINDOWS /utf-8 /MP "
      CMAKE_C_FLAGS_DEBUG: "/D_DEBUG /MDd /Z7 /Ob0 /Od /RTC1 "
      CMAKE_EXE_LINKER_FLAGS: "/machine:x64"
      CMAKE_MSVC_DEBUG_INFORMATION_FORMAT: ""
      CMAKE_MSVC_RUNTIME_LIBRARY: "MultiThreaded$<$<CONFIG:Debug>:Debug>$<$<STREQUAL:dynamic,dynamic>:DLL>"
      VCPKG_CHAINLOAD_TOOLCHAIN_FILE: "D:/lenky_jpegli/vcpkg/scripts/toolchains/windows.cmake"
      VCPKG_CRT_LINKAGE: "dynamic"
      VCPKG_CXX_FLAGS: ""
      VCPKG_CXX_FLAGS_DEBUG: ""
      VCPKG_CXX_FLAGS_RELEASE: ""
      VCPKG_C_FLAGS: ""
      VCPKG_C_FLAGS_DEBUG: ""
      VCPKG_C_FLAGS_RELEASE: ""
      VCPKG_INSTALLED_DIR: "D:/lenky_jpegli/vcpkg/installed"
      VCPKG_LINKER_FLAGS: ""
      VCPKG_LINKER_FLAGS_DEBUG: ""
      VCPKG_LINKER_FLAGS_RELEASE: ""
      VCPKG_PLATFORM_TOOLSET: "v143"
      VCPKG_PREFER_SYSTEM_LIBS: "OFF"
      VCPKG_SET_CHARSET_FLAG: "ON"
      VCPKG_TARGET_ARCHITECTURE: "x64"
      VCPKG_TARGET_TRIPLET: "x64-windows"
      Z_VCPKG_ROOT_DIR: "D:/lenky_jpegli/vcpkg"
    buildResult:
      variable: "HAVE_OFF64_T"
      cached: true
      stdout: |
        Change Dir: 'D:/lenky_jpegli/vcpkg/buildtrees/zlib/x64-windows-rel/CMakeFiles/CMakeScratch/TryCompile-ugs9ur'
        
        Run Build Command(s): "C:/Program Files/Microsoft Visual Studio/2022/Community/Common7/IDE/CommonExtensions/Microsoft/CMake/Ninja/ninja.exe" -v cmTC_f0265
        [1/2] C:\\PROGRA~1\\MICROS~4\\2022\\COMMUN~1\\VC\\Tools\\MSVC\\1440~1.338\\bin\\Hostx64\\x64\\cl.exe  /nologo -DHAVE_STDDEF_H -DHAVE_STDINT_H -DHAVE_SYS_TYPES_H -D_LARGEFILE64_SOURCE=1  /nologo /DWIN32 /D_WINDOWS /utf-8 /MP   /D_DEBUG /MDd /Z7 /Ob0 /Od /RTC1  -MDd /showIncludes /FoCMakeFiles\\cmTC_f0265.dir\\OFF64_T.c.obj /FdCMakeFiles\\cmTC_f0265.dir\\ /FS -c D:\\lenky_jpegli\\vcpkg\\buildtrees\\zlib\\x64-windows-rel\\CMakeFiles\\CMakeScratch\\TryCompile-ugs9ur\\OFF64_T.c
        FAILED: CMakeFiles/cmTC_f0265.dir/OFF64_T.c.obj 
        C:\\PROGRA~1\\MICROS~4\\2022\\COMMUN~1\\VC\\Tools\\MSVC\\1440~1.338\\bin\\Hostx64\\x64\\cl.exe  /nologo -DHAVE_STDDEF_H -DHAVE_STDINT_H -DHAVE_SYS_TYPES_H -D_LARGEFILE64_SOURCE=1  /nologo /DWIN32 /D_WINDOWS /utf-8 /MP   /D_DEBUG /MDd /Z7 /Ob0 /Od /RTC1  -MDd /showIncludes /FoCMakeFiles\\cmTC_f0265.dir\\OFF64_T.c.obj /FdCMakeFiles\\cmTC_f0265.dir\\ /FS -c D:\\lenky_jpegli\\vcpkg\\buildtrees\\zlib\\x64-windows-rel\\CMakeFiles\\CMakeScratch\\TryCompile-ugs9ur\\OFF64_T.c
        D:\\lenky_jpegli\\vcpkg\\buildtrees\\zlib\\x64-windows-rel\\CMakeFiles\\CMakeScratch\\TryCompile-ugs9ur\\OFF64_T.c(29): error C2065: “off64_t”: 未声明的标识符
        D:\\lenky_jpegli\\vcpkg\\buildtrees\\zlib\\x64-windows-rel\\CMakeFiles\\CMakeScratch\\TryCompile-ugs9ur\\OFF64_T.c(30): error C2065: “off64_t”: 未声明的标识符
        D:\\lenky_jpegli\\vcpkg\\buildtrees\\zlib\\x64-windows-rel\\CMakeFiles\\CMakeScratch\\TryCompile-ugs9ur\\OFF64_T.c(31): error C2065: “off64_t”: 未声明的标识符
        D:\\lenky_jpegli\\vcpkg\\buildtrees\\zlib\\x64-windows-rel\\CMakeFiles\\CMakeScratch\\TryCompile-ugs9ur\\OFF64_T.c(32): error C2065: “off64_t”: 未声明的标识符
        D:\\lenky_jpegli\\vcpkg\\buildtrees\\zlib\\x64-windows-rel\\CMakeFiles\\CMakeScratch\\TryCompile-ugs9ur\\OFF64_T.c(33): error C2065: “off64_t”: 未声明的标识符
        ninja: build stopped: subcommand failed.
        
      exitCode: 1
  -
    kind: "try_compile-v1"
    backtrace:
      - "C:/Program Files/CMake/share/cmake-3.30/Modules/CheckFunctionExists.cmake:86 (try_compile)"
      - "CMakeLists.txt:51 (check_function_exists)"
    checks:
      - "Looking for fseeko"
    directories:
      source: "D:/lenky_jpegli/vcpkg/buildtrees/zlib/x64-windows-rel/CMakeFiles/CMakeScratch/TryCompile-2z3q66"
      binary: "D:/lenky_jpegli/vcpkg/buildtrees/zlib/x64-windows-rel/CMakeFiles/CMakeScratch/TryCompile-2z3q66"
    cmakeVariables:
      CMAKE_C_FLAGS: " /nologo /DWIN32 /D_WINDOWS /utf-8 /MP "
      CMAKE_C_FLAGS_DEBUG: "/D_DEBUG /MDd /Z7 /Ob0 /Od /RTC1 "
      CMAKE_EXE_LINKER_FLAGS: "/machine:x64"
      CMAKE_MSVC_DEBUG_INFORMATION_FORMAT: ""
      CMAKE_MSVC_RUNTIME_LIBRARY: "MultiThreaded$<$<CONFIG:Debug>:Debug>$<$<STREQUAL:dynamic,dynamic>:DLL>"
      VCPKG_CHAINLOAD_TOOLCHAIN_FILE: "D:/lenky_jpegli/vcpkg/scripts/toolchains/windows.cmake"
      VCPKG_CRT_LINKAGE: "dynamic"
      VCPKG_CXX_FLAGS: ""
      VCPKG_CXX_FLAGS_DEBUG: ""
      VCPKG_CXX_FLAGS_RELEASE: ""
      VCPKG_C_FLAGS: ""
      VCPKG_C_FLAGS_DEBUG: ""
      VCPKG_C_FLAGS_RELEASE: ""
      VCPKG_INSTALLED_DIR: "D:/lenky_jpegli/vcpkg/installed"
      VCPKG_LINKER_FLAGS: ""
      VCPKG_LINKER_FLAGS_DEBUG: ""
      VCPKG_LINKER_FLAGS_RELEASE: ""
      VCPKG_PLATFORM_TOOLSET: "v143"
      VCPKG_PREFER_SYSTEM_LIBS: "OFF"
      VCPKG_SET_CHARSET_FLAG: "ON"
      VCPKG_TARGET_ARCHITECTURE: "x64"
      VCPKG_TARGET_TRIPLET: "x64-windows"
      Z_VCPKG_ROOT_DIR: "D:/lenky_jpegli/vcpkg"
    buildResult:
      variable: "HAVE_FSEEKO"
      cached: true
      stdout: |
        Change Dir: 'D:/lenky_jpegli/vcpkg/buildtrees/zlib/x64-windows-rel/CMakeFiles/CMakeScratch/TryCompile-2z3q66'
        
        Run Build Command(s): "C:/Program Files/Microsoft Visual Studio/2022/Community/Common7/IDE/CommonExtensions/Microsoft/CMake/Ninja/ninja.exe" -v cmTC_80231
        [1/2] C:\\PROGRA~1\\MICROS~4\\2022\\COMMUN~1\\VC\\Tools\\MSVC\\1440~1.338\\bin\\Hostx64\\x64\\cl.exe  /nologo   /nologo /DWIN32 /D_WINDOWS /utf-8 /MP  -DCHECK_FUNCTION_EXISTS=fseeko /D_DEBUG /MDd /Z7 /Ob0 /Od /RTC1  -MDd /showIncludes /FoCMakeFiles\\cmTC_80231.dir\\CheckFunctionExists.c.obj /FdCMakeFiles\\cmTC_80231.dir\\ /FS -c D:\\lenky_jpegli\\vcpkg\\buildtrees\\zlib\\x64-windows-rel\\CMakeFiles\\CMakeScratch\\TryCompile-2z3q66\\CheckFunctionExists.c
        [2/2] C:\\WINDOWS\\system32\\cmd.exe /C "cd . && "C:\\Program Files\\CMake\\bin\\cmake.exe" -E vs_link_exe --intdir=CMakeFiles\\cmTC_80231.dir --rc=C:\\PROGRA~2\\WI3CF2~1\\10\\bin\\100226~1.0\\x64\\rc.exe --mt=C:\\PROGRA~2\\WI3CF2~1\\10\\bin\\100226~1.0\\x64\\mt.exe --manifests  -- C:\\PROGRA~1\\MICROS~4\\2022\\COMMUN~1\\VC\\Tools\\MSVC\\1440~1.338\\bin\\Hostx64\\x64\\link.exe /nologo CMakeFiles\\cmTC_80231.dir\\CheckFunctionExists.c.obj  /out:cmTC_80231.exe /implib:cmTC_80231.lib /pdb:cmTC_80231.pdb /version:0.0 /machine:x64  /nologo    /debug /INCREMENTAL /subsystem:console  kernel32.lib user32.lib gdi32.lib winspool.lib shell32.lib ole32.lib oleaut32.lib uuid.lib comdlg32.lib advapi32.lib && cd ."
        FAILED: cmTC_80231.exe 
        C:\\WINDOWS\\system32\\cmd.exe /C "cd . && "C:\\Program Files\\CMake\\bin\\cmake.exe" -E vs_link_exe --intdir=CMakeFiles\\cmTC_80231.dir --rc=C:\\PROGRA~2\\WI3CF2~1\\10\\bin\\100226~1.0\\x64\\rc.exe --mt=C:\\PROGRA~2\\WI3CF2~1\\10\\bin\\100226~1.0\\x64\\mt.exe --manifests  -- C:\\PROGRA~1\\MICROS~4\\2022\\COMMUN~1\\VC\\Tools\\MSVC\\1440~1.338\\bin\\Hostx64\\x64\\link.exe /nologo CMakeFiles\\cmTC_80231.dir\\CheckFunctionExists.c.obj  /out:cmTC_80231.exe /implib:cmTC_80231.lib /pdb:cmTC_80231.pdb /version:0.0 /machine:x64  /nologo    /debug /INCREMENTAL /subsystem:console  kernel32.lib user32.lib gdi32.lib winspool.lib shell32.lib ole32.lib oleaut32.lib uuid.lib comdlg32.lib advapi32.lib && cd ."
        LINK Pass 1: command "C:\\PROGRA~1\\MICROS~4\\2022\\COMMUN~1\\VC\\Tools\\MSVC\\1440~1.338\\bin\\Hostx64\\x64\\link.exe /nologo CMakeFiles\\cmTC_80231.dir\\CheckFunctionExists.c.obj /out:cmTC_80231.exe /implib:cmTC_80231.lib /pdb:cmTC_80231.pdb /version:0.0 /machine:x64 /nologo /debug /INCREMENTAL /subsystem:console kernel32.lib user32.lib gdi32.lib winspool.lib shell32.lib ole32.lib oleaut32.lib uuid.lib comdlg32.lib advapi32.lib /MANIFEST /MANIFESTFILE:CMakeFiles\\cmTC_80231.dir/intermediate.manifest CMakeFiles\\cmTC_80231.dir/manifest.res" failed (exit code 1120) with the following output:
        CheckFunctionExists.c.obj : error LNK2019: 无法解析的外部符号 fseeko，函数 main 中引用了该符号
        cmTC_80231.exe : fatal error LNK1120: 1 个无法解析的外部命令\x0d
        ninja: build stopped: subcommand failed.
        
      exitCode: 1
  -
    kind: "try_compile-v1"
    backtrace:
      - "C:/Program Files/CMake/share/cmake-3.30/Modules/CheckIncludeFile.cmake:90 (try_compile)"
      - "CMakeLists.txt:59 (check_include_file)"
    checks:
      - "Looking for unistd.h"
    directories:
      source: "D:/lenky_jpegli/vcpkg/buildtrees/zlib/x64-windows-rel/CMakeFiles/CMakeScratch/TryCompile-j18u8j"
      binary: "D:/lenky_jpegli/vcpkg/buildtrees/zlib/x64-windows-rel/CMakeFiles/CMakeScratch/TryCompile-j18u8j"
    cmakeVariables:
      CMAKE_C_FLAGS: " /nologo /DWIN32 /D_WINDOWS /utf-8 /MP "
      CMAKE_C_FLAGS_DEBUG: "/D_DEBUG /MDd /Z7 /Ob0 /Od /RTC1 "
      CMAKE_EXE_LINKER_FLAGS: "/machine:x64"
      CMAKE_MSVC_DEBUG_INFORMATION_FORMAT: ""
      CMAKE_MSVC_RUNTIME_LIBRARY: "MultiThreaded$<$<CONFIG:Debug>:Debug>$<$<STREQUAL:dynamic,dynamic>:DLL>"
      VCPKG_CHAINLOAD_TOOLCHAIN_FILE: "D:/lenky_jpegli/vcpkg/scripts/toolchains/windows.cmake"
      VCPKG_CRT_LINKAGE: "dynamic"
      VCPKG_CXX_FLAGS: ""
      VCPKG_CXX_FLAGS_DEBUG: ""
      VCPKG_CXX_FLAGS_RELEASE: ""
      VCPKG_C_FLAGS: ""
      VCPKG_C_FLAGS_DEBUG: ""
      VCPKG_C_FLAGS_RELEASE: ""
      VCPKG_INSTALLED_DIR: "D:/lenky_jpegli/vcpkg/installed"
      VCPKG_LINKER_FLAGS: ""
      VCPKG_LINKER_FLAGS_DEBUG: ""
      VCPKG_LINKER_FLAGS_RELEASE: ""
      VCPKG_PLATFORM_TOOLSET: "v143"
      VCPKG_PREFER_SYSTEM_LIBS: "OFF"
      VCPKG_SET_CHARSET_FLAG: "ON"
      VCPKG_TARGET_ARCHITECTURE: "x64"
      VCPKG_TARGET_TRIPLET: "x64-windows"
      Z_VCPKG_ROOT_DIR: "D:/lenky_jpegli/vcpkg"
    buildResult:
      variable: "Z_HAVE_UNISTD_H"
      cached: true
      stdout: |
        Change Dir: 'D:/lenky_jpegli/vcpkg/buildtrees/zlib/x64-windows-rel/CMakeFiles/CMakeScratch/TryCompile-j18u8j'
        
        Run Build Command(s): "C:/Program Files/Microsoft Visual Studio/2022/Community/Common7/IDE/CommonExtensions/Microsoft/CMake/Ninja/ninja.exe" -v cmTC_0b55c
        [1/2] C:\\PROGRA~1\\MICROS~4\\2022\\COMMUN~1\\VC\\Tools\\MSVC\\1440~1.338\\bin\\Hostx64\\x64\\cl.exe  /nologo   /nologo /DWIN32 /D_WINDOWS /utf-8 /MP   /D_DEBUG /MDd /Z7 /Ob0 /Od /RTC1  -MDd /showIncludes /FoCMakeFiles\\cmTC_0b55c.dir\\CheckIncludeFile.c.obj /FdCMakeFiles\\cmTC_0b55c.dir\\ /FS -c D:\\lenky_jpegli\\vcpkg\\buildtrees\\zlib\\x64-windows-rel\\CMakeFiles\\CMakeScratch\\TryCompile-j18u8j\\CheckIncludeFile.c
        FAILED: CMakeFiles/cmTC_0b55c.dir/CheckIncludeFile.c.obj 
        C:\\PROGRA~1\\MICROS~4\\2022\\COMMUN~1\\VC\\Tools\\MSVC\\1440~1.338\\bin\\Hostx64\\x64\\cl.exe  /nologo   /nologo /DWIN32 /D_WINDOWS /utf-8 /MP   /D_DEBUG /MDd /Z7 /Ob0 /Od /RTC1  -MDd /showIncludes /FoCMakeFiles\\cmTC_0b55c.dir\\CheckIncludeFile.c.obj /FdCMakeFiles\\cmTC_0b55c.dir\\ /FS -c D:\\lenky_jpegli\\vcpkg\\buildtrees\\zlib\\x64-windows-rel\\CMakeFiles\\CMakeScratch\\TryCompile-j18u8j\\CheckIncludeFile.c
        D:\\lenky_jpegli\\vcpkg\\buildtrees\\zlib\\x64-windows-rel\\CMakeFiles\\CMakeScratch\\TryCompile-j18u8j\\CheckIncludeFile.c(1): fatal error C1083: 无法打开包括文件: “unistd.h”: No such file or directory
        ninja: build stopped: subcommand failed.
        
      exitCode: 1
...
